{"name": "test_logout[chrome]", "status": "broken", "statusDetails": {"message": "selenium.common.exceptions.TimeoutException: Message: \nStacktrace:\n\tGetHandleVerifier [0x00007FF7C6C46CB5+28821]\n\t(No symbol) [0x00007FF7C6BB3840]\n\t(No symbol) [0x00007FF7C6A5578A]\n\t(No symbol) [0x00007FF7C6AA91BE]\n\t(No symbol) [0x00007FF7C6AA94AC]\n\t(No symbol) [0x00007FF7C6AF2647]\n\t(No symbol) [0x00007FF7C6ACF33F]\n\t(No symbol) [0x00007FF7C6AEF412]\n\t(No symbol) [0x00007FF7C6ACF0A3]\n\t(No symbol) [0x00007FF7C6A9A778]\n\t(No symbol) [0x00007FF7C6A9B8E1]\n\tGetHandleVerifier [0x00007FF7C6F7FCAD+3408013]\n\tGetHandleVerifier [0x00007FF7C6F9741F+3504127]\n\tGetHandleVerifier [0x00007FF7C6F8B5FD+3455453]\n\tGetHandleVerifier [0x00007FF7C6D0BDBB+835995]\n\t(No symbol) [0x00007FF7C6BBEB5F]\n\t(No symbol) [0x00007FF7C6BBA814]\n\t(No symbol) [0x00007FF7C6BBA9AD]\n\t(No symbol) [0x00007FF7C6BAA199]\n\tBaseThreadInitThunk [0x00007FFBD12C7614+20]\n\tRtlUserThreadStart [0x00007FFBD23026A1+33]", "trace": "self = <test_account.TestAccount object at 0x000002220AAB1D30>\n\n    def test_logout(self):\n        # Тест: Выход из аккаунта\n        self.account_page.go_to_account()\n    \n>       self.account_page.logout()\n\ntests\\test_account.py:38: \n_ _ _ _ _ _ _ _ _ _ _ _ _ _ _ _ _ _ _ _ _ _ _ _ _ _ _ _ _ _ _ _ _ _ _ _ _ _ _ _ _ _ _ _ _ _ _ _ _ _ _ _ _ _ _ _ _ _ _ _ _ _ _ _ _ _ _ _ _ _ _ _ _ \npage_objects\\account_page.py:35: in logout\n    logout_button = self.wait.until(\n_ _ _ _ _ _ _ _ _ _ _ _ _ _ _ _ _ _ _ _ _ _ _ _ _ _ _ _ _ _ _ _ _ _ _ _ _ _ _ _ _ _ _ _ _ _ _ _ _ _ _ _ _ _ _ _ _ _ _ _ _ _ _ _ _ _ _ _ _ _ _ _ _ \n\nself = <selenium.webdriver.support.wait.WebDriverWait (session=\"de72f93744959a0cb90058fb1e0b3f97\")>\nmethod = <function element_to_be_clickable.<locals>._predicate at 0x000002220AC10B80>, message = ''\n\n    def until(self, method: Callable[[D], Union[Literal[False], T]], message: str = \"\") -> T:\n        \"\"\"Calls the method provided with the driver as an argument until the \\\n        return value does not evaluate to ``False``.\n    \n        :param method: callable(WebDriver)\n        :param message: optional message for :exc:`TimeoutException`\n        :returns: the result of the last call to `method`\n        :raises: :exc:`selenium.common.exceptions.TimeoutException` if timeout occurs\n        \"\"\"\n        screen = None\n        stacktrace = None\n    \n        end_time = time.monotonic() + self._timeout\n        while True:\n            try:\n                value = method(self._driver)\n                if value:\n                    return value\n            except self._ignored_exceptions as exc:\n                screen = getattr(exc, \"screen\", None)\n                stacktrace = getattr(exc, \"stacktrace\", None)\n            if time.monotonic() > end_time:\n                break\n            time.sleep(self._poll)\n>       raise TimeoutException(message, screen, stacktrace)\nE       selenium.common.exceptions.TimeoutException: Message: \nE       Stacktrace:\nE       \tGetHandleVerifier [0x00007FF7C6C46CB5+28821]\nE       \t(No symbol) [0x00007FF7C6BB3840]\nE       \t(No symbol) [0x00007FF7C6A5578A]\nE       \t(No symbol) [0x00007FF7C6AA91BE]\nE       \t(No symbol) [0x00007FF7C6AA94AC]\nE       \t(No symbol) [0x00007FF7C6AF2647]\nE       \t(No symbol) [0x00007FF7C6ACF33F]\nE       \t(No symbol) [0x00007FF7C6AEF412]\nE       \t(No symbol) [0x00007FF7C6ACF0A3]\nE       \t(No symbol) [0x00007FF7C6A9A778]\nE       \t(No symbol) [0x00007FF7C6A9B8E1]\nE       \tGetHandleVerifier [0x00007FF7C6F7FCAD+3408013]\nE       \tGetHandleVerifier [0x00007FF7C6F9741F+3504127]\nE       \tGetHandleVerifier [0x00007FF7C6F8B5FD+3455453]\nE       \tGetHandleVerifier [0x00007FF7C6D0BDBB+835995]\nE       \t(No symbol) [0x00007FF7C6BBEB5F]\nE       \t(No symbol) [0x00007FF7C6BBA814]\nE       \t(No symbol) [0x00007FF7C6BBA9AD]\nE       \t(No symbol) [0x00007FF7C6BAA199]\nE       \tBaseThreadInitThunk [0x00007FFBD12C7614+20]\nE       \tRtlUserThreadStart [0x00007FFBD23026A1+33]\n\n.venv\\Lib\\site-packages\\selenium\\webdriver\\support\\wait.py:105: TimeoutException"}, "parameters": [{"name": "browser", "value": "'chrome'"}], "start": 1733243323707, "stop": 1733243334144, "uuid": "70fd3013-09cd-48b6-86c7-5b8a597a53da", "historyId": "a4fd20651a4034e37b375f6db12ec794", "testCaseId": "90356f1a82f0f7bef297b4d66c56c1c6", "fullName": "tests.test_account.TestAccount#test_logout", "labels": [{"name": "tag", "value": "@pytest.mark.usefixtures('browser', 'create_test_user')"}, {"name": "tag", "value": "nondestructive"}, {"name": "parentSuite", "value": "tests"}, {"name": "suite", "value": "test_account"}, {"name": "subSuite", "value": "TestAccount"}, {"name": "host", "value": "WIN-UP492E7L1GQ"}, {"name": "thread", "value": "13460-MainThread"}, {"name": "framework", "value": "pytest"}, {"name": "language", "value": "cpython3"}, {"name": "package", "value": "tests.test_account"}]}